p:\vsprojects\openglengine\debug\vc143.pdb
p:\vsprojects\openglengine\debug\vc143.idb
p:\vsprojects\openglengine\debug\vertexarray.obj
p:\vsprojects\openglengine\debug\stb_image.obj
p:\vsprojects\openglengine\debug\pugixml.obj
p:\vsprojects\openglengine\debug\utils.obj
p:\vsprojects\openglengine\debug\timeclock.obj
p:\vsprojects\openglengine\debug\texture.obj
p:\vsprojects\openglengine\debug\shader.obj
p:\vsprojects\openglengine\debug\resources.obj
p:\vsprojects\openglengine\debug\uniformblocksmanager.obj
p:\vsprojects\openglengine\debug\renderer.obj
p:\vsprojects\openglengine\debug\mesh.obj
p:\vsprojects\openglengine\debug\material.obj
p:\vsprojects\openglengine\debug\indexbuffer.obj
p:\vsprojects\openglengine\debug\input.obj
p:\vsprojects\openglengine\debug\display.obj
p:\vsprojects\openglengine\debug\debug.obj
p:\vsprojects\openglengine\debug\light.obj
p:\vsprojects\openglengine\debug\entity.obj
p:\vsprojects\openglengine\debug\camera.obj
p:\vsprojects\openglengine\debug\application.obj
p:\vsprojects\openglengine\debug\vertexbuffer.obj
p:\vsprojects\openglengine\debug\component.obj
p:\vsprojects\openglengine\debug\meshrender.obj
p:\vsprojects\openglengine\debug\scene.obj
p:\vsprojects\openglengine\debug\terrain.obj
p:\vsprojects\openglengine\debug\componentsfactory.obj
p:\vsprojects\openglengine\debug\uirender.obj
p:\vsprojects\openglengine\debug\spriterender.obj
p:\vsprojects\openglengine\debug\transform3d.obj
p:\vsprojects\openglengine\debug\transform.obj
p:\vsprojects\openglengine\debug\transformui.obj
p:\vsprojects\openglengine\debug\fontcharacter.obj
p:\vsprojects\openglengine\debug\font.obj
p:\vsprojects\openglengine\debug\textrender.obj
p:\vsprojects\openglengine\debug\openglengine.exe
p:\vsprojects\openglengine\debug\openglengine.ilk
p:\vsprojects\openglengine\debug\openglengine.pdb
p:\vsprojects\openglengine\debug\openglengine.tlog\cl.command.1.tlog
p:\vsprojects\openglengine\debug\openglengine.tlog\cl.read.1.tlog
p:\vsprojects\openglengine\debug\openglengine.tlog\cl.write.1.tlog
p:\vsprojects\openglengine\debug\openglengine.tlog\link.command.1.tlog
p:\vsprojects\openglengine\debug\openglengine.tlog\link.read.1.tlog
p:\vsprojects\openglengine\debug\openglengine.tlog\link.write.1.tlog
