s:\projects\openglengine\openglengine\debug\vc143.pdb
s:\projects\openglengine\openglengine\debug\vc143.idb
s:\projects\openglengine\openglengine\debug\debug.obj
s:\projects\openglengine\openglengine\debug\application.obj
s:\projects\openglengine\openglengine\debug\consolecommands.obj
s:\projects\openglengine\debug\openglengine.exe
s:\projects\openglengine\debug\openglengine.pdb
s:\projects\openglengine\openglengine\debug\openglengine.ilk
s:\projects\openglengine\openglengine\debug\camera.obj
s:\projects\openglengine\openglengine\debug\charevent.obj
s:\projects\openglengine\openglengine\debug\component.obj
s:\projects\openglengine\openglengine\debug\componentsfactory.obj
s:\projects\openglengine\openglengine\debug\console.obj
s:\projects\openglengine\openglengine\debug\display.obj
s:\projects\openglengine\openglengine\debug\entity.obj
s:\projects\openglengine\openglengine\debug\event.obj
s:\projects\openglengine\openglengine\debug\eventlistener.obj
s:\projects\openglengine\openglengine\debug\eventsmanager.obj
s:\projects\openglengine\openglengine\debug\font.obj
s:\projects\openglengine\openglengine\debug\fontcharacter.obj
s:\projects\openglengine\openglengine\debug\indexbuffer.obj
s:\projects\openglengine\openglengine\debug\input.obj
s:\projects\openglengine\openglengine\debug\keyevent.obj
s:\projects\openglengine\openglengine\debug\light.obj
s:\projects\openglengine\openglengine\debug\material.obj
s:\projects\openglengine\openglengine\debug\mesh.obj
s:\projects\openglengine\openglengine\debug\meshrender.obj
s:\projects\openglengine\openglengine\debug\mousebuttonevent.obj
s:\projects\openglengine\openglengine\debug\pugixml.obj
s:\projects\openglengine\openglengine\debug\renderable.obj
s:\projects\openglengine\openglengine\debug\renderer.obj
s:\projects\openglengine\openglengine\debug\resources.obj
s:\projects\openglengine\openglengine\debug\scene.obj
s:\projects\openglengine\openglengine\debug\shader.obj
s:\projects\openglengine\openglengine\debug\spriterender.obj
s:\projects\openglengine\openglengine\debug\stb_image.obj
s:\projects\openglengine\openglengine\debug\terrain.obj
s:\projects\openglengine\openglengine\debug\textrender.obj
s:\projects\openglengine\openglengine\debug\texture.obj
s:\projects\openglengine\openglengine\debug\timeclock.obj
s:\projects\openglengine\openglengine\debug\transform.obj
s:\projects\openglengine\openglengine\debug\transform3d.obj
s:\projects\openglengine\openglengine\debug\transformui.obj
s:\projects\openglengine\openglengine\debug\uniformblocksmanager.obj
s:\projects\openglengine\openglengine\debug\utils.obj
s:\projects\openglengine\openglengine\debug\vertexarray.obj
s:\projects\openglengine\openglengine\debug\vertexbuffer.obj
s:\projects\openglengine\debug\openglengine.ilk
s:\projects\openglengine\openglengine\debug\openglengine.tlog\cl.command.1.tlog
s:\projects\openglengine\openglengine\debug\openglengine.tlog\cl.items.tlog
s:\projects\openglengine\openglengine\debug\openglengine.tlog\cl.read.1.tlog
s:\projects\openglengine\openglengine\debug\openglengine.tlog\cl.write.1.tlog
s:\projects\openglengine\openglengine\debug\openglengine.tlog\link.command.1.tlog
s:\projects\openglengine\openglengine\debug\openglengine.tlog\link.read.1.tlog
s:\projects\openglengine\openglengine\debug\openglengine.tlog\link.secondary.1.tlog
s:\projects\openglengine\openglengine\debug\openglengine.tlog\link.write.1.tlog
