Debug.obj : error LNK2019: unresolved external symbol __imp___glewDebugMessageCallback referenced in function "public: static void __cdecl Debug::RegisterGLErrorCallback(void)" (?RegisterGLErrorCallback@Debug@@SAXXZ)
Display.obj : error LNK2019: unresolved external symbol __imp_glBlendFunc referenced in function "private: __cdecl Display::Display(void)" (??0Display@@AEAA@XZ)
Display.obj : error LNK2019: unresolved external symbol __imp_glCullFace referenced in function "private: __cdecl Display::Display(void)" (??0Display@@AEAA@XZ)
Display.obj : error LNK2019: unresolved external symbol __imp_glEnable referenced in function "private: __cdecl Display::Display(void)" (??0Display@@AEAA@XZ)
Renderer.obj : error LNK2001: unresolved external symbol __imp_glEnable
Display.obj : error LNK2019: unresolved external symbol __imp_glewInit referenced in function "private: __cdecl Display::Display(void)" (??0Display@@AEAA@XZ)
Display.obj : error LNK2019: unresolved external symbol glfwInit referenced in function "private: __cdecl Display::Display(void)" (??0Display@@AEAA@XZ)
Display.obj : error LNK2019: unresolved external symbol glfwTerminate referenced in function "private: __cdecl Display::Display(void)" (??0Display@@AEAA@XZ)
Display.obj : error LNK2019: unresolved external symbol glfwCreateWindow referenced in function "private: __cdecl Display::Display(void)" (??0Display@@AEAA@XZ)
Display.obj : error LNK2019: unresolved external symbol glfwWindowShouldClose referenced in function "public: bool const __cdecl Display::WindowShouldClose(void)const " (?WindowShouldClose@Display@@QEBA?B_NXZ)
Display.obj : error LNK2019: unresolved external symbol glfwPollEvents referenced in function "public: void __cdecl Display::Update(void)const " (?Update@Display@@QEBAXXZ)
Display.obj : error LNK2019: unresolved external symbol glfwMakeContextCurrent referenced in function "private: __cdecl Display::Display(void)" (??0Display@@AEAA@XZ)
Display.obj : error LNK2019: unresolved external symbol glfwSwapBuffers referenced in function "public: void __cdecl Display::Update(void)const " (?Update@Display@@QEBAXXZ)
Input.obj : error LNK2019: unresolved external symbol glfwGetKey referenced in function "public: bool __cdecl Input::GetKey(int)" (?GetKey@Input@@QEAA_NH@Z)
Input.obj : error LNK2019: unresolved external symbol glfwGetCursorPos referenced in function "public: struct glm::vec<2,double,0> __cdecl Input::GetMousePosition(void)" (?GetMousePosition@Input@@QEAA?AU?$vec@$01N$0A@@glm@@XZ)
Input.obj : error LNK2019: unresolved external symbol glfwSetKeyCallback referenced in function "private: __cdecl Input::Input(void)" (??0Input@@AEAA@XZ)
Input.obj : error LNK2019: unresolved external symbol glfwSetCharCallback referenced in function "private: __cdecl Input::Input(void)" (??0Input@@AEAA@XZ)
Input.obj : error LNK2019: unresolved external symbol glfwSetMouseButtonCallback referenced in function "private: __cdecl Input::Input(void)" (??0Input@@AEAA@XZ)
IndexBuffer.obj : error LNK2019: unresolved external symbol __imp___glewBindBuffer referenced in function "public: __cdecl IndexBuffer::IndexBuffer(unsigned int const &)" (??0IndexBuffer@@QEAA@AEBI@Z)
UniformBlocksManager.obj : error LNK2001: unresolved external symbol __imp___glewBindBuffer
VertexBuffer.obj : error LNK2001: unresolved external symbol __imp___glewBindBuffer
IndexBuffer.obj : error LNK2019: unresolved external symbol __imp___glewBufferData referenced in function "public: __cdecl IndexBuffer::IndexBuffer(unsigned int const &)" (??0IndexBuffer@@QEAA@AEBI@Z)
UniformBlocksManager.obj : error LNK2001: unresolved external symbol __imp___glewBufferData
VertexBuffer.obj : error LNK2001: unresolved external symbol __imp___glewBufferData
IndexBuffer.obj : error LNK2019: unresolved external symbol __imp___glewBufferSubData referenced in function "public: void __cdecl IndexBuffer::PopData(unsigned int const &)" (?PopData@IndexBuffer@@QEAAXAEBI@Z)
UniformBlocksManager.obj : error LNK2001: unresolved external symbol __imp___glewBufferSubData
VertexBuffer.obj : error LNK2001: unresolved external symbol __imp___glewBufferSubData
IndexBuffer.obj : error LNK2019: unresolved external symbol __imp___glewDeleteBuffers referenced in function "public: __cdecl IndexBuffer::~IndexBuffer(void)" (??1IndexBuffer@@QEAA@XZ)
VertexBuffer.obj : error LNK2001: unresolved external symbol __imp___glewDeleteBuffers
IndexBuffer.obj : error LNK2019: unresolved external symbol __imp___glewGenBuffers referenced in function "public: __cdecl IndexBuffer::IndexBuffer(unsigned int const &)" (??0IndexBuffer@@QEAA@AEBI@Z)
UniformBlocksManager.obj : error LNK2001: unresolved external symbol __imp___glewGenBuffers
VertexBuffer.obj : error LNK2001: unresolved external symbol __imp___glewGenBuffers
Renderer.obj : error LNK2019: unresolved external symbol __imp_glClear referenced in function "public: void __cdecl Renderer::Clear(void)" (?Clear@Renderer@@QEAAXXZ)
Renderer.obj : error LNK2019: unresolved external symbol __imp_glClearColor referenced in function "private: __cdecl Renderer::Renderer(void)" (??0Renderer@@AEAA@XZ)
Renderer.obj : error LNK2019: unresolved external symbol __imp_glDisable referenced in function "public: void __cdecl Renderer::DrawUI(struct Renderer::RenderCacheData &)" (?DrawUI@Renderer@@QEAAXAEAURenderCacheData@1@@Z)
Renderer.obj : error LNK2019: unresolved external symbol __imp_glDrawElements referenced in function "public: void __cdecl Renderer::DrawEntities(struct Renderer::RenderCacheData &)" (?DrawEntities@Renderer@@QEAAXAEAURenderCacheData@1@@Z)
UniformBlocksManager.obj : error LNK2019: unresolved external symbol __imp___glewBindBufferRange referenced in function "public: static void __cdecl UniformBlocksManager::BindBuffersRange(void)" (?BindBuffersRange@UniformBlocksManager@@SAXXZ)
UniformBlocksManager.obj : error LNK2019: unresolved external symbol __imp___glewUniformBlockBinding referenced in function "public: static void __cdecl UniformBlocksManager::BindProgramUniformBlock(unsigned int,unsigned int,class std::basic_string<char,struct std::char_traits<char>,class std::allocator<char> > const &)" (?BindProgramUniformBlock@UniformBlocksManager@@SAXIIAEBV?$basic_string@DU?$char_traits@D@std@@V?$allocator@D@2@@std@@@Z)
Shader.obj : error LNK2019: unresolved external symbol __imp___glewAttachShader referenced in function "private: static unsigned int __cdecl Shader::CreateShader(class std::basic_string<char,struct std::char_traits<char>,class std::allocator<char> > const &,class std::basic_string<char,struct std::char_traits<char>,class std::allocator<char> > const &)" (?CreateShader@Shader@@CAIAEBV?$basic_string@DU?$char_traits@D@std@@V?$allocator@D@2@@std@@0@Z)
Shader.obj : error LNK2019: unresolved external symbol __imp___glewCompileShader referenced in function "private: static unsigned int __cdecl Shader::CompileShader(unsigned int,class std::basic_string<char,struct std::char_traits<char>,class std::allocator<char> > const &)" (?CompileShader@Shader@@CAIIAEBV?$basic_string@DU?$char_traits@D@std@@V?$allocator@D@2@@std@@@Z)
Shader.obj : error LNK2019: unresolved external symbol __imp___glewCreateProgram referenced in function "private: static unsigned int __cdecl Shader::CreateShader(class std::basic_string<char,struct std::char_traits<char>,class std::allocator<char> > const &,class std::basic_string<char,struct std::char_traits<char>,class std::allocator<char> > const &)" (?CreateShader@Shader@@CAIAEBV?$basic_string@DU?$char_traits@D@std@@V?$allocator@D@2@@std@@0@Z)
Shader.obj : error LNK2019: unresolved external symbol __imp___glewCreateShader referenced in function "private: static unsigned int __cdecl Shader::CompileShader(unsigned int,class std::basic_string<char,struct std::char_traits<char>,class std::allocator<char> > const &)" (?CompileShader@Shader@@CAIIAEBV?$basic_string@DU?$char_traits@D@std@@V?$allocator@D@2@@std@@@Z)
Shader.obj : error LNK2019: unresolved external symbol __imp___glewDeleteProgram referenced in function "public: __cdecl Shader::~Shader(void)" (??1Shader@@QEAA@XZ)
Shader.obj : error LNK2019: unresolved external symbol __imp___glewDeleteShader referenced in function "private: static unsigned int __cdecl Shader::CompileShader(unsigned int,class std::basic_string<char,struct std::char_traits<char>,class std::allocator<char> > const &)" (?CompileShader@Shader@@CAIIAEBV?$basic_string@DU?$char_traits@D@std@@V?$allocator@D@2@@std@@@Z)
Shader.obj : error LNK2019: unresolved external symbol __imp___glewGetActiveUniform referenced in function "private: void __cdecl Shader::GetUniforms(void)" (?GetUniforms@Shader@@AEAAXXZ)
Shader.obj : error LNK2019: unresolved external symbol __imp___glewGetProgramiv referenced in function "private: void __cdecl Shader::GetUniformBlocks(void)" (?GetUniformBlocks@Shader@@AEAAXXZ)
Shader.obj : error LNK2019: unresolved external symbol __imp___glewGetShaderInfoLog referenced in function "private: static unsigned int __cdecl Shader::CompileShader(unsigned int,class std::basic_string<char,struct std::char_traits<char>,class std::allocator<char> > const &)" (?CompileShader@Shader@@CAIIAEBV?$basic_string@DU?$char_traits@D@std@@V?$allocator@D@2@@std@@@Z)
Shader.obj : error LNK2019: unresolved external symbol __imp___glewGetShaderiv referenced in function "private: static unsigned int __cdecl Shader::CompileShader(unsigned int,class std::basic_string<char,struct std::char_traits<char>,class std::allocator<char> > const &)" (?CompileShader@Shader@@CAIIAEBV?$basic_string@DU?$char_traits@D@std@@V?$allocator@D@2@@std@@@Z)
Shader.obj : error LNK2019: unresolved external symbol __imp___glewGetUniformLocation referenced in function "private: void __cdecl Shader::GetUniforms(void)" (?GetUniforms@Shader@@AEAAXXZ)
Shader.obj : error LNK2019: unresolved external symbol __imp___glewLinkProgram referenced in function "private: static unsigned int __cdecl Shader::CreateShader(class std::basic_string<char,struct std::char_traits<char>,class std::allocator<char> > const &,class std::basic_string<char,struct std::char_traits<char>,class std::allocator<char> > const &)" (?CreateShader@Shader@@CAIAEBV?$basic_string@DU?$char_traits@D@std@@V?$allocator@D@2@@std@@0@Z)
Shader.obj : error LNK2019: unresolved external symbol __imp___glewShaderSource referenced in function "private: static unsigned int __cdecl Shader::CompileShader(unsigned int,class std::basic_string<char,struct std::char_traits<char>,class std::allocator<char> > const &)" (?CompileShader@Shader@@CAIIAEBV?$basic_string@DU?$char_traits@D@std@@V?$allocator@D@2@@std@@@Z)
Shader.obj : error LNK2019: unresolved external symbol __imp___glewUniform1fv referenced in function "public: void __cdecl Shader::SetUniform<float>(class std::basic_string<char,struct std::char_traits<char>,class std::allocator<char> > const &,void *,unsigned int)" (??$SetUniform@M@Shader@@QEAAXAEBV?$basic_string@DU?$char_traits@D@std@@V?$allocator@D@2@@std@@PEAXI@Z)
Shader.obj : error LNK2019: unresolved external symbol __imp___glewUniform1i referenced in function "public: void __cdecl Shader::SetUniform1i(class std::basic_string<char,struct std::char_traits<char>,class std::allocator<char> > const &,int)" (?SetUniform1i@Shader@@QEAAXAEBV?$basic_string@DU?$char_traits@D@std@@V?$allocator@D@2@@std@@H@Z)
Shader.obj : error LNK2019: unresolved external symbol __imp___glewUniform1iv referenced in function "public: void __cdecl Shader::SetUniform<int>(class std::basic_string<char,struct std::char_traits<char>,class std::allocator<char> > const &,void *,unsigned int)" (??$SetUniform@H@Shader@@QEAAXAEBV?$basic_string@DU?$char_traits@D@std@@V?$allocator@D@2@@std@@PEAXI@Z)
Shader.obj : error LNK2019: unresolved external symbol __imp___glewUniform2fv referenced in function "public: void __cdecl Shader::SetUniform<float>(class std::basic_string<char,struct std::char_traits<char>,class std::allocator<char> > const &,void *,unsigned int)" (??$SetUniform@M@Shader@@QEAAXAEBV?$basic_string@DU?$char_traits@D@std@@V?$allocator@D@2@@std@@PEAXI@Z)
Shader.obj : error LNK2019: unresolved external symbol __imp___glewUniform2iv referenced in function "public: void __cdecl Shader::SetUniform<int>(class std::basic_string<char,struct std::char_traits<char>,class std::allocator<char> > const &,void *,unsigned int)" (??$SetUniform@H@Shader@@QEAAXAEBV?$basic_string@DU?$char_traits@D@std@@V?$allocator@D@2@@std@@PEAXI@Z)
Shader.obj : error LNK2019: unresolved external symbol __imp___glewUniform3fv referenced in function "public: void __cdecl Shader::SetUniform<float>(class std::basic_string<char,struct std::char_traits<char>,class std::allocator<char> > const &,void *,unsigned int)" (??$SetUniform@M@Shader@@QEAAXAEBV?$basic_string@DU?$char_traits@D@std@@V?$allocator@D@2@@std@@PEAXI@Z)
Shader.obj : error LNK2019: unresolved external symbol __imp___glewUniform3iv referenced in function "public: void __cdecl Shader::SetUniform<int>(class std::basic_string<char,struct std::char_traits<char>,class std::allocator<char> > const &,void *,unsigned int)" (??$SetUniform@H@Shader@@QEAAXAEBV?$basic_string@DU?$char_traits@D@std@@V?$allocator@D@2@@std@@PEAXI@Z)
Shader.obj : error LNK2019: unresolved external symbol __imp___glewUniform4fv referenced in function "public: void __cdecl Shader::SetUniform4fv(class std::basic_string<char,struct std::char_traits<char>,class std::allocator<char> > const &,struct glm::vec<4,float,0>)" (?SetUniform4fv@Shader@@QEAAXAEBV?$basic_string@DU?$char_traits@D@std@@V?$allocator@D@2@@std@@U?$vec@$03M$0A@@glm@@@Z)
Shader.obj : error LNK2019: unresolved external symbol __imp___glewUniformMatrix4fv referenced in function "public: void __cdecl Shader::SetUniformMat4f(class std::basic_string<char,struct std::char_traits<char>,class std::allocator<char> > const &,struct glm::mat<4,4,float,0>)" (?SetUniformMat4f@Shader@@QEAAXAEBV?$basic_string@DU?$char_traits@D@std@@V?$allocator@D@2@@std@@U?$mat@$03$03M$0A@@glm@@@Z)
Shader.obj : error LNK2019: unresolved external symbol __imp___glewUseProgram referenced in function "public: void __cdecl Shader::Bind(void)const " (?Bind@Shader@@QEBAXXZ)
Shader.obj : error LNK2019: unresolved external symbol __imp___glewValidateProgram referenced in function "private: static unsigned int __cdecl Shader::CreateShader(class std::basic_string<char,struct std::char_traits<char>,class std::allocator<char> > const &,class std::basic_string<char,struct std::char_traits<char>,class std::allocator<char> > const &)" (?CreateShader@Shader@@CAIAEBV?$basic_string@DU?$char_traits@D@std@@V?$allocator@D@2@@std@@0@Z)
Shader.obj : error LNK2019: unresolved external symbol __imp___glewGetActiveUniformBlockName referenced in function "private: void __cdecl Shader::GetUniformBlocks(void)" (?GetUniformBlocks@Shader@@AEAAXXZ)
Shader.obj : error LNK2019: unresolved external symbol __imp___glewGetActiveUniformBlockiv referenced in function "private: void __cdecl Shader::GetUniformBlocks(void)" (?GetUniformBlocks@Shader@@AEAAXXZ)
Shader.obj : error LNK2019: unresolved external symbol __imp___glewGetActiveUniformsiv referenced in function "private: void __cdecl Shader::GetUniforms(void)" (?GetUniforms@Shader@@AEAAXXZ)
Shader.obj : error LNK2019: unresolved external symbol __imp___glewGetUniformBlockIndex referenced in function "private: void __cdecl Shader::GetUniformBlocks(void)" (?GetUniformBlocks@Shader@@AEAAXXZ)
Texture.obj : error LNK2019: unresolved external symbol __imp_glBindTexture referenced in function "public: __cdecl Texture::Texture(class std::basic_string<char,struct std::char_traits<char>,class std::allocator<char> > const &,bool)" (??0Texture@@QEAA@AEBV?$basic_string@DU?$char_traits@D@std@@V?$allocator@D@2@@std@@_N@Z)
Texture.obj : error LNK2019: unresolved external symbol __imp_glDeleteTextures referenced in function "public: __cdecl Texture::~Texture(void)" (??1Texture@@QEAA@XZ)
Texture.obj : error LNK2019: unresolved external symbol __imp_glGenTextures referenced in function "public: __cdecl Texture::Texture(class std::basic_string<char,struct std::char_traits<char>,class std::allocator<char> > const &,bool)" (??0Texture@@QEAA@AEBV?$basic_string@DU?$char_traits@D@std@@V?$allocator@D@2@@std@@_N@Z)
Texture.obj : error LNK2019: unresolved external symbol __imp_glTexImage2D referenced in function "public: __cdecl Texture::Texture(class std::basic_string<char,struct std::char_traits<char>,class std::allocator<char> > const &,bool)" (??0Texture@@QEAA@AEBV?$basic_string@DU?$char_traits@D@std@@V?$allocator@D@2@@std@@_N@Z)
Texture.obj : error LNK2019: unresolved external symbol __imp_glTexParameteri referenced in function "public: __cdecl Texture::Texture(class std::basic_string<char,struct std::char_traits<char>,class std::allocator<char> > const &,bool)" (??0Texture@@QEAA@AEBV?$basic_string@DU?$char_traits@D@std@@V?$allocator@D@2@@std@@_N@Z)
Texture.obj : error LNK2019: unresolved external symbol __imp___glewActiveTexture referenced in function "public: void __cdecl Texture::Bind(unsigned int)const " (?Bind@Texture@@QEBAXI@Z)
TimeClock.obj : error LNK2019: unresolved external symbol glfwGetTime referenced in function "private: __cdecl TimeClock::TimeClock(void)" (??0TimeClock@@AEAA@XZ)
VertexArray.obj : error LNK2019: unresolved external symbol __imp___glewEnableVertexAttribArray referenced in function "public: void __cdecl VertexArray::AddVertexBuffer(class VertexBuffer *)" (?AddVertexBuffer@VertexArray@@QEAAXPEAVVertexBuffer@@@Z)
VertexArray.obj : error LNK2019: unresolved external symbol __imp___glewVertexAttribPointer referenced in function "public: void __cdecl VertexArray::AddVertexBuffer(class VertexBuffer *)" (?AddVertexBuffer@VertexArray@@QEAAXPEAVVertexBuffer@@@Z)
VertexArray.obj : error LNK2019: unresolved external symbol __imp___glewBindVertexArray referenced in function "public: __cdecl VertexArray::VertexArray(void)" (??0VertexArray@@QEAA@XZ)
VertexArray.obj : error LNK2019: unresolved external symbol __imp___glewDeleteVertexArrays referenced in function "public: __cdecl VertexArray::~VertexArray(void)" (??1VertexArray@@QEAA@XZ)
VertexArray.obj : error LNK2019: unresolved external symbol __imp___glewGenVertexArrays referenced in function "public: __cdecl VertexArray::VertexArray(void)" (??0VertexArray@@QEAA@XZ)
Dependencies\GLEW\lib\glew32.lib : warning LNK4272: library machine type 'x86' conflicts with target machine type 'x64'
S:\Projects\OpenGLEngine\x64\Debug\OpenGLEngine.exe : fatal error LNK1120: 68 unresolved externals
